<?xml version="1.0" encoding="UTF-8"?>
<coverage generated="1567340273592" clover="3.2.0">
  <project timestamp="1567340273593" name="All files">
    <metrics statements="39" coveredstatements="37" conditionals="24" coveredconditionals="20" methods="6" coveredmethods="6" elements="69" coveredelements="63" complexity="0" loc="39" ncloc="39" packages="1" files="1" classes="1"/>
    <file name="app.js" path="/Users/student/Desktop/Roomba/app.js">
      <metrics statements="39" coveredstatements="37" conditionals="24" coveredconditionals="20" methods="6" coveredmethods="6"/>
      <line num="1" count="1" type="stmt"/>
      <line num="3" count="1" type="stmt"/>
      <line num="7" count="1" type="stmt"/>
      <line num="11" count="1" type="stmt"/>
      <line num="15" count="1" type="stmt"/>
      <line num="16" count="1" type="stmt"/>
      <line num="20" count="3" type="stmt"/>
      <line num="21" count="3" type="stmt"/>
      <line num="25" count="3" type="stmt"/>
      <line num="26" count="9" type="stmt"/>
      <line num="27" count="9" type="stmt"/>
      <line num="28" count="9" type="stmt"/>
      <line num="29" count="9" type="stmt"/>
      <line num="30" count="9" type="stmt"/>
      <line num="33" count="3" type="stmt"/>
      <line num="34" count="3" type="stmt"/>
      <line num="35" count="3" type="stmt"/>
      <line num="39" count="2" type="stmt"/>
      <line num="40" count="22" type="cond" truecount="4" falsecount="0"/>
      <line num="42" count="6" type="cond" truecount="3" falsecount="1"/>
      <line num="45" count="6" type="stmt"/>
      <line num="47" count="4" type="cond" truecount="3" falsecount="1"/>
      <line num="50" count="4" type="stmt"/>
      <line num="52" count="6" type="cond" truecount="3" falsecount="1"/>
      <line num="55" count="6" type="stmt"/>
      <line num="57" count="6" type="cond" truecount="3" falsecount="1"/>
      <line num="60" count="6" type="stmt"/>
      <line num="62" count="22" type="stmt"/>
      <line num="65" count="0" type="stmt"/>
      <line num="66" count="0" type="stmt"/>
      <line num="68" count="2" type="stmt"/>
      <line num="72" count="24" type="stmt"/>
      <line num="73" count="56" type="cond" truecount="4" falsecount="0"/>
      <line num="75" count="2" type="stmt"/>
      <line num="76" count="2" type="stmt"/>
      <line num="80" count="24" type="stmt"/>
      <line num="85" count="1" type="stmt"/>
      <line num="86" count="1" type="stmt"/>
      <line num="87" count="1" type="stmt"/>
    </file>
  </project>
</coverage>
