{"/Users/student/Desktop/Roomba/app.js": {"path":"/Users/student/Desktop/Roomba/app.js","statementMap":{"0":{"start":{"line":1,"column":11},"end":{"line":1,"column":24}},"1":{"start":{"line":3,"column":13},"end":{"line":6,"column":14}},"2":{"start":{"line":7,"column":17},"end":{"line":10,"column":13}},"3":{"start":{"line":11,"column":27},"end":{"line":14,"column":13}},"4":{"start":{"line":15,"column":24},"end":{"line":15,"column":40}},"5":{"start":{"line":16,"column":19},"end":{"line":16,"column":36}},"6":{"start":{"line":20,"column":4},"end":{"line":20,"column":77}},"7":{"start":{"line":21,"column":4},"end":{"line":24,"column":6}},"8":{"start":{"line":25,"column":4},"end":{"line":31,"column":7}},"9":{"start":{"line":26,"column":21},"end":{"line":26,"column":36}},"10":{"start":{"line":27,"column":22},"end":{"line":27,"column":36}},"11":{"start":{"line":28,"column":6},"end":{"line":28,"column":40}},"12":{"start":{"line":29,"column":6},"end":{"line":29,"column":40}},"13":{"start":{"line":30,"column":6},"end":{"line":30,"column":23}},"14":{"start":{"line":33,"column":4},"end":{"line":33,"column":33}},"15":{"start":{"line":34,"column":4},"end":{"line":34,"column":25}},"16":{"start":{"line":35,"column":4},"end":{"line":35,"column":28}},"17":{"start":{"line":39,"column":2},"end":{"line":67,"column":4}},"18":{"start":{"line":40,"column":4},"end":{"line":61,"column":5}},"19":{"start":{"line":42,"column":6},"end":{"line":44,"column":27}},"20":{"start":{"line":45,"column":10},"end":{"line":45,"column":16}},"21":{"start":{"line":47,"column":8},"end":{"line":49,"column":28}},"22":{"start":{"line":50,"column":8},"end":{"line":50,"column":14}},"23":{"start":{"line":52,"column":8},"end":{"line":54,"column":28}},"24":{"start":{"line":55,"column":8},"end":{"line":55,"column":14}},"25":{"start":{"line":57,"column":8},"end":{"line":59,"column":28}},"26":{"start":{"line":60,"column":8},"end":{"line":60,"column":14}},"27":{"start":{"line":62,"column":4},"end":{"line":62,"column":29}},"28":{"start":{"line":65,"column":4},"end":{"line":65,"column":95}},"29":{"start":{"line":66,"column":20},"end":{"line":66,"column":48}},"30":{"start":{"line":68,"column":2},"end":{"line":68,"column":43}},"31":{"start":{"line":72,"column":2},"end":{"line":79,"column":4}},"32":{"start":{"line":73,"column":4},"end":{"line":77,"column":7}},"33":{"start":{"line":75,"column":8},"end":{"line":75,"column":28}},"34":{"start":{"line":76,"column":8},"end":{"line":76,"column":40}},"35":{"start":{"line":80,"column":2},"end":{"line":80,"column":25}},"36":{"start":{"line":85,"column":0},"end":{"line":85,"column":24}},"37":{"start":{"line":86,"column":15},"end":{"line":86,"column":25}},"38":{"start":{"line":87,"column":0},"end":{"line":87,"column":33}}},"fnMap":{"0":{"name":"(anonymous_0)","decl":{"start":{"line":19,"column":2},"end":{"line":19,"column":3}},"loc":{"start":{"line":19,"column":16},"end":{"line":36,"column":3}},"line":19},"1":{"name":"(anonymous_1)","decl":{"start":{"line":25,"column":43},"end":{"line":25,"column":44}},"loc":{"start":{"line":25,"column":51},"end":{"line":31,"column":5}},"line":25},"2":{"name":"(anonymous_2)","decl":{"start":{"line":38,"column":0},"end":{"line":38,"column":1}},"loc":{"start":{"line":38,"column":13},"end":{"line":69,"column":1}},"line":38},"3":{"name":"(anonymous_3)","decl":{"start":{"line":39,"column":26},"end":{"line":39,"column":27}},"loc":{"start":{"line":39,"column":38},"end":{"line":67,"column":3}},"line":39},"4":{"name":"(anonymous_4)","decl":{"start":{"line":71,"column":0},"end":{"line":71,"column":1}},"loc":{"start":{"line":71,"column":12},"end":{"line":81,"column":1}},"line":71},"5":{"name":"(anonymous_5)","decl":{"start":{"line":72,"column":27},"end":{"line":72,"column":28}},"loc":{"start":{"line":72,"column":44},"end":{"line":79,"column":3}},"line":72}},"branchMap":{"0":{"loc":{"start":{"line":40,"column":4},"end":{"line":61,"column":5}},"type":"switch","locations":[{"start":{"line":41,"column":6},"end":{"line":45,"column":16}},{"start":{"line":46,"column":10},"end":{"line":50,"column":14}},{"start":{"line":51,"column":8},"end":{"line":55,"column":14}},{"start":{"line":56,"column":8},"end":{"line":60,"column":14}}],"line":40},"1":{"loc":{"start":{"line":42,"column":6},"end":{"line":44,"column":27}},"type":"cond-expr","locations":[{"start":{"line":43,"column":13},"end":{"line":43,"column":33}},{"start":{"line":44,"column":12},"end":{"line":44,"column":27}}],"line":42},"2":{"loc":{"start":{"line":42,"column":6},"end":{"line":42,"column":73}},"type":"binary-expr","locations":[{"start":{"line":42,"column":7},"end":{"line":42,"column":47}},{"start":{"line":42,"column":53},"end":{"line":42,"column":72}}],"line":42},"3":{"loc":{"start":{"line":47,"column":8},"end":{"line":49,"column":27}},"type":"cond-expr","locations":[{"start":{"line":48,"column":13},"end":{"line":48,"column":33}},{"start":{"line":49,"column":12},"end":{"line":49,"column":27}}],"line":47},"4":{"loc":{"start":{"line":47,"column":8},"end":{"line":47,"column":74}},"type":"binary-expr","locations":[{"start":{"line":47,"column":9},"end":{"line":47,"column":49}},{"start":{"line":47,"column":54},"end":{"line":47,"column":73}}],"line":47},"5":{"loc":{"start":{"line":52,"column":8},"end":{"line":54,"column":27}},"type":"cond-expr","locations":[{"start":{"line":53,"column":13},"end":{"line":53,"column":33}},{"start":{"line":54,"column":12},"end":{"line":54,"column":27}}],"line":52},"6":{"loc":{"start":{"line":52,"column":8},"end":{"line":52,"column":75}},"type":"binary-expr","locations":[{"start":{"line":52,"column":9},"end":{"line":52,"column":49}},{"start":{"line":52,"column":55},"end":{"line":52,"column":74}}],"line":52},"7":{"loc":{"start":{"line":57,"column":8},"end":{"line":59,"column":27}},"type":"cond-expr","locations":[{"start":{"line":58,"column":13},"end":{"line":58,"column":33}},{"start":{"line":59,"column":12},"end":{"line":59,"column":27}}],"line":57},"8":{"loc":{"start":{"line":57,"column":8},"end":{"line":57,"column":76}},"type":"binary-expr","locations":[{"start":{"line":57,"column":9},"end":{"line":57,"column":49}},{"start":{"line":57,"column":56},"end":{"line":57,"column":75}}],"line":57},"9":{"loc":{"start":{"line":73,"column":4},"end":{"line":77,"column":7}},"type":"if","locations":[{"start":{"line":73,"column":4},"end":{"line":77,"column":7}},{"start":{"line":73,"column":4},"end":{"line":77,"column":7}}],"line":73},"10":{"loc":{"start":{"line":73,"column":8},"end":{"line":73,"column":64}},"type":"binary-expr","locations":[{"start":{"line":73,"column":8},"end":{"line":73,"column":34}},{"start":{"line":73,"column":38},"end":{"line":73,"column":64}}],"line":73}},"s":{"0":1,"1":1,"2":1,"3":1,"4":1,"5":1,"6":3,"7":3,"8":3,"9":9,"10":9,"11":9,"12":9,"13":9,"14":3,"15":3,"16":3,"17":2,"18":22,"19":6,"20":6,"21":4,"22":4,"23":6,"24":6,"25":6,"26":6,"27":22,"28":0,"29":0,"30":2,"31":24,"32":56,"33":2,"34":2,"35":24,"36":1,"37":1,"38":1},"f":{"0":3,"1":9,"2":2,"3":22,"4":24,"5":56},"b":{"0":[6,4,6,6],"1":[6,0],"2":[6,6],"3":[4,0],"4":[4,4],"5":[6,0],"6":[6,6],"7":[6,0],"8":[6,6],"9":[2,54],"10":[56,18]},"_coverageSchema":"43e27e138ebf9cfc5966b082cf9a028302ed4184","hash":"c8731fb80e9d390d2dda5c74ca18fdc49fc652a6"}
}
