TN:
SF:/Users/student/Desktop/Roomba/app.js
FN:19,(anonymous_0)
FN:25,(anonymous_1)
FN:38,(anonymous_2)
FN:39,(anonymous_3)
FN:71,(anonymous_4)
FN:72,(anonymous_5)
FNF:6
FNH:6
FNDA:3,(anonymous_0)
FNDA:9,(anonymous_1)
FNDA:2,(anonymous_2)
FNDA:22,(anonymous_3)
FNDA:24,(anonymous_4)
FNDA:56,(anonymous_5)
DA:1,1
DA:3,1
DA:7,1
DA:11,1
DA:15,1
DA:16,1
DA:20,3
DA:21,3
DA:25,3
DA:26,9
DA:27,9
DA:28,9
DA:29,9
DA:30,9
DA:33,3
DA:34,3
DA:35,3
DA:39,2
DA:40,22
DA:42,6
DA:45,6
DA:47,4
DA:50,4
DA:52,6
DA:55,6
DA:57,6
DA:60,6
DA:62,22
DA:65,0
DA:66,0
DA:68,2
DA:72,24
DA:73,56
DA:75,2
DA:76,2
DA:80,24
DA:85,1
DA:86,1
DA:87,1
LF:39
LH:37
BRDA:40,0,0,6
BRDA:40,0,1,4
BRDA:40,0,2,6
BRDA:40,0,3,6
BRDA:42,1,0,6
BRDA:42,1,1,0
BRDA:42,2,0,6
BRDA:42,2,1,6
BRDA:47,3,0,4
BRDA:47,3,1,0
BRDA:47,4,0,4
BRDA:47,4,1,4
BRDA:52,5,0,6
BRDA:52,5,1,0
BRDA:52,6,0,6
BRDA:52,6,1,6
BRDA:57,7,0,6
BRDA:57,7,1,0
BRDA:57,8,0,6
BRDA:57,8,1,6
BRDA:73,9,0,2
BRDA:73,9,1,54
BRDA:73,10,0,56
BRDA:73,10,1,18
BRF:24
BRH:20
end_of_record
